Info: Starting: Create block symbol file (.bsf)
Info: qsys-generate "D:\GitHub Repositories\My Repositories\NIOS-2-Processor\NIOSProcessor.qsys" --block-symbol-file --output-directory="D:\GitHub Repositories\My Repositories\NIOS-2-Processor\NIOSProcessor" --family="Cyclone V" --part=5CSEMA5F31C6
Progress: Loading NIOS-2-Processor/NIOSProcessor.qsys
Progress: Reading input file
Progress: Adding clk_0 [clock_source 16.0]
Progress: Parameterizing module clk_0
Progress: Adding jtag_uart_0 [altera_avalon_jtag_uart 16.0]
Progress: Parameterizing module jtag_uart_0
Progress: Adding nios2_qsys_0 [altera_nios2_qsys 16.0]
Progress: Parameterizing module nios2_qsys_0
Progress: Adding onchip_memory2_0 [altera_avalon_onchip_memory2 16.0]
Progress: Parameterizing module onchip_memory2_0
Progress: Building connections
Progress: Parameterizing connections
Progress: Validating
Progress: Done reading input file
Info: NIOSProcessor.jtag_uart_0: JTAG UART IP input clock need to be at least double (2x) the operating frequency of JTAG TCK on board
Warning: NIOSProcessor.nios2_qsys_0: Nios II Classic cores are no longer recommended for new projects
Info: qsys-generate succeeded.
Info: Finished: Create block symbol file (.bsf)
Info: 
Info: Starting: Create HDL design files for synthesis
Info: qsys-generate "D:\GitHub Repositories\My Repositories\NIOS-2-Processor\NIOSProcessor.qsys" --synthesis=VHDL --output-directory="D:\GitHub Repositories\My Repositories\NIOS-2-Processor\NIOSProcessor\synthesis" --family="Cyclone V" --part=5CSEMA5F31C6
Progress: Loading NIOS-2-Processor/NIOSProcessor.qsys
Progress: Reading input file
Progress: Adding clk_0 [clock_source 16.0]
Progress: Parameterizing module clk_0
Progress: Adding jtag_uart_0 [altera_avalon_jtag_uart 16.0]
Progress: Parameterizing module jtag_uart_0
Progress: Adding nios2_qsys_0 [altera_nios2_qsys 16.0]
Progress: Parameterizing module nios2_qsys_0
Progress: Adding onchip_memory2_0 [altera_avalon_onchip_memory2 16.0]
Progress: Parameterizing module onchip_memory2_0
Progress: Building connections
Progress: Parameterizing connections
Progress: Validating
Progress: Done reading input file
Info: NIOSProcessor.jtag_uart_0: JTAG UART IP input clock need to be at least double (2x) the operating frequency of JTAG TCK on board
Warning: NIOSProcessor.nios2_qsys_0: Nios II Classic cores are no longer recommended for new projects
Info: NIOSProcessor: Generating NIOSProcessor "NIOSProcessor" for QUARTUS_SYNTH
Info: jtag_uart_0: Starting RTL generation for module 'NIOSProcessor_jtag_uart_0'
Info: jtag_uart_0:   Generation command is [exec D:/altera_lite/16.0/quartus/bin64/perl/bin/perl.exe -I D:/altera_lite/16.0/quartus/bin64/perl/lib -I D:/altera_lite/16.0/quartus/sopc_builder/bin/europa -I D:/altera_lite/16.0/quartus/sopc_builder/bin/perl_lib -I D:/altera_lite/16.0/quartus/sopc_builder/bin -I D:/altera_lite/16.0/quartus/../ip/altera/sopc_builder_ip/common -I D:/altera_lite/16.0/quartus/../ip/altera/sopc_builder_ip/altera_avalon_jtag_uart -- D:/altera_lite/16.0/quartus/../ip/altera/sopc_builder_ip/altera_avalon_jtag_uart/generate_rtl.pl --name=NIOSProcessor_jtag_uart_0 --dir=C:/Users/Nicolas/AppData/Local/Temp/alt8522_8993318119257869539.dir/0001_jtag_uart_0_gen/ --quartus_dir=D:/altera_lite/16.0/quartus --verilog --config=C:/Users/Nicolas/AppData/Local/Temp/alt8522_8993318119257869539.dir/0001_jtag_uart_0_gen//NIOSProcessor_jtag_uart_0_component_configuration.pl  --do_build_sim=0  ]
Info: jtag_uart_0: Done RTL generation for module 'NIOSProcessor_jtag_uart_0'
Info: jtag_uart_0: "NIOSProcessor" instantiated altera_avalon_jtag_uart "jtag_uart_0"
Info: nios2_qsys_0: Starting RTL generation for module 'NIOSProcessor_nios2_qsys_0'
Info: nios2_qsys_0:   Generation command is [exec D:/altera_lite/16.0/quartus/bin64/eperlcmd.exe -I D:/altera_lite/16.0/quartus/bin64/perl/lib -I D:/altera_lite/16.0/quartus/sopc_builder/bin/europa -I D:/altera_lite/16.0/quartus/sopc_builder/bin/perl_lib -I D:/altera_lite/16.0/quartus/sopc_builder/bin -I D:/altera_lite/16.0/quartus/../ip/altera/nios2_ip/altera_nios2/cpu_lib -I D:/altera_lite/16.0/quartus/../ip/altera/nios2_ip/altera_nios2/nios_lib -I D:/altera_lite/16.0/quartus/../ip/altera/nios2_ip/altera_nios2 -I D:/altera_lite/16.0/quartus/../ip/altera/nios2_ip/altera_nios2 -- D:/altera_lite/16.0/quartus/../ip/altera/nios2_ip/altera_nios2/generate_rtl.epl --name=NIOSProcessor_nios2_qsys_0 --dir=C:/Users/Nicolas/AppData/Local/Temp/alt8522_8993318119257869539.dir/0002_nios2_qsys_0_gen/ --quartus_bindir=D:/altera_lite/16.0/quartus/bin64 --verilog --config=C:/Users/Nicolas/AppData/Local/Temp/alt8522_8993318119257869539.dir/0002_nios2_qsys_0_gen//NIOSProcessor_nios2_qsys_0_processor_configuration.pl  --do_build_sim=0  ]
Info: nios2_qsys_0: # 2020.09.17 19:05:16 (*) Starting Nios II generation
Info: nios2_qsys_0: # 2020.09.17 19:05:16 (*)   Checking for plaintext license.
Info: nios2_qsys_0: # 2020.09.17 19:05:21 (*)   Couldn't query license setup in Quartus directory D:/altera_lite/16.0/quartus/bin64
Info: nios2_qsys_0: # 2020.09.17 19:05:21 (*)   Defaulting to contents of LM_LICENSE_FILE environment variable
Info: nios2_qsys_0: # 2020.09.17 19:05:21 (*)   LM_LICENSE_FILE environment variable is empty
Info: nios2_qsys_0: # 2020.09.17 19:05:21 (*)   Plaintext license not found.
Info: nios2_qsys_0: # 2020.09.17 19:05:21 (*)   Checking for encrypted license (non-evaluation).
Info: nios2_qsys_0: # 2020.09.17 19:05:22 (*)   Couldn't query license setup in Quartus directory D:/altera_lite/16.0/quartus/bin64
Info: nios2_qsys_0: # 2020.09.17 19:05:22 (*)   Defaulting to contents of LM_LICENSE_FILE environment variable
Info: nios2_qsys_0: # 2020.09.17 19:05:22 (*)   LM_LICENSE_FILE environment variable is empty
Info: nios2_qsys_0: # 2020.09.17 19:05:22 (*)   Encrypted license not found.  Defaulting to OCP evaluation license (produces a time-limited SOF)
Info: nios2_qsys_0: # 2020.09.17 19:05:22 (*)   Elaborating CPU configuration settings
Info: nios2_qsys_0: # 2020.09.17 19:05:22 (*)   Creating all objects for CPU
Info: nios2_qsys_0: # 2020.09.17 19:05:22 (*)     Testbench
Info: nios2_qsys_0: # 2020.09.17 19:05:22 (*)     Instruction decoding
Info: nios2_qsys_0: # 2020.09.17 19:05:22 (*)       Instruction fields
Info: nios2_qsys_0: # 2020.09.17 19:05:22 (*)       Instruction decodes
Info: nios2_qsys_0: # 2020.09.17 19:05:23 (*)       Signals for RTL simulation waveforms
Info: nios2_qsys_0: # 2020.09.17 19:05:23 (*)       Instruction controls
Info: nios2_qsys_0: # 2020.09.17 19:05:23 (*)     Pipeline frontend
Info: nios2_qsys_0: # 2020.09.17 19:05:23 (*)     Pipeline backend
Info: nios2_qsys_0: # 2020.09.17 19:05:25 (*)   Generating RTL from CPU objects
Info: nios2_qsys_0: # 2020.09.17 19:05:28 (*)   Creating encrypted RTL
Info: nios2_qsys_0: # 2020.09.17 19:05:30 (*) Done Nios II generation
Info: nios2_qsys_0: Done RTL generation for module 'NIOSProcessor_nios2_qsys_0'
Info: nios2_qsys_0: "NIOSProcessor" instantiated altera_nios2_qsys "nios2_qsys_0"
Info: onchip_memory2_0: Starting RTL generation for module 'NIOSProcessor_onchip_memory2_0'
Info: onchip_memory2_0:   Generation command is [exec D:/altera_lite/16.0/quartus/bin64/perl/bin/perl.exe -I D:/altera_lite/16.0/quartus/bin64/perl/lib -I D:/altera_lite/16.0/quartus/sopc_builder/bin/europa -I D:/altera_lite/16.0/quartus/sopc_builder/bin/perl_lib -I D:/altera_lite/16.0/quartus/sopc_builder/bin -I D:/altera_lite/16.0/quartus/../ip/altera/sopc_builder_ip/common -I D:/altera_lite/16.0/quartus/../ip/altera/sopc_builder_ip/altera_avalon_onchip_memory2 -- D:/altera_lite/16.0/quartus/../ip/altera/sopc_builder_ip/altera_avalon_onchip_memory2/generate_rtl.pl --name=NIOSProcessor_onchip_memory2_0 --dir=C:/Users/Nicolas/AppData/Local/Temp/alt8522_8993318119257869539.dir/0003_onchip_memory2_0_gen/ --quartus_dir=D:/altera_lite/16.0/quartus --verilog --config=C:/Users/Nicolas/AppData/Local/Temp/alt8522_8993318119257869539.dir/0003_onchip_memory2_0_gen//NIOSProcessor_onchip_memory2_0_component_configuration.pl  --do_build_sim=0  ]
Info: onchip_memory2_0: Done RTL generation for module 'NIOSProcessor_onchip_memory2_0'
Info: onchip_memory2_0: "NIOSProcessor" instantiated altera_avalon_onchip_memory2 "onchip_memory2_0"
Info: avalon_st_adapter: Inserting error_adapter: error_adapter_0
Info: avalon_st_adapter_001: Inserting error_adapter: error_adapter_0
Info: avalon_st_adapter_002: Inserting error_adapter: error_adapter_0
Info: mm_interconnect_0: "NIOSProcessor" instantiated altera_mm_interconnect "mm_interconnect_0"
Info: irq_mapper: "NIOSProcessor" instantiated altera_irq_mapper "irq_mapper"
Info: rst_controller: "NIOSProcessor" instantiated altera_reset_controller "rst_controller"
Info: nios2_qsys_0_data_master_translator: "mm_interconnect_0" instantiated altera_merlin_master_translator "nios2_qsys_0_data_master_translator"
Info: jtag_uart_0_avalon_jtag_slave_translator: "mm_interconnect_0" instantiated altera_merlin_slave_translator "jtag_uart_0_avalon_jtag_slave_translator"
Info: nios2_qsys_0_data_master_agent: "mm_interconnect_0" instantiated altera_merlin_master_agent "nios2_qsys_0_data_master_agent"
Info: jtag_uart_0_avalon_jtag_slave_agent: "mm_interconnect_0" instantiated altera_merlin_slave_agent "jtag_uart_0_avalon_jtag_slave_agent"
Info: jtag_uart_0_avalon_jtag_slave_agent_rsp_fifo: "mm_interconnect_0" instantiated altera_avalon_sc_fifo "jtag_uart_0_avalon_jtag_slave_agent_rsp_fifo"
Info: router: "mm_interconnect_0" instantiated altera_merlin_router "router"
Info: router_001: "mm_interconnect_0" instantiated altera_merlin_router "router_001"
Info: router_002: "mm_interconnect_0" instantiated altera_merlin_router "router_002"
Info: router_003: "mm_interconnect_0" instantiated altera_merlin_router "router_003"
Info: nios2_qsys_0_data_master_limiter: "mm_interconnect_0" instantiated altera_merlin_traffic_limiter "nios2_qsys_0_data_master_limiter"
Info: Reusing file D:/GitHub Repositories/My Repositories/NIOS-2-Processor/NIOSProcessor/synthesis/submodules/altera_avalon_sc_fifo.v
Info: cmd_demux: "mm_interconnect_0" instantiated altera_merlin_demultiplexer "cmd_demux"
Info: cmd_demux_001: "mm_interconnect_0" instantiated altera_merlin_demultiplexer "cmd_demux_001"
Info: cmd_mux: "mm_interconnect_0" instantiated altera_merlin_multiplexer "cmd_mux"
Info: cmd_mux_001: "mm_interconnect_0" instantiated altera_merlin_multiplexer "cmd_mux_001"
Info: Reusing file D:/GitHub Repositories/My Repositories/NIOS-2-Processor/NIOSProcessor/synthesis/submodules/altera_merlin_arbitrator.sv
Info: rsp_demux: "mm_interconnect_0" instantiated altera_merlin_demultiplexer "rsp_demux"
Info: rsp_demux_001: "mm_interconnect_0" instantiated altera_merlin_demultiplexer "rsp_demux_001"
Info: rsp_mux: "mm_interconnect_0" instantiated altera_merlin_multiplexer "rsp_mux"
Info: Reusing file D:/GitHub Repositories/My Repositories/NIOS-2-Processor/NIOSProcessor/synthesis/submodules/altera_merlin_arbitrator.sv
Info: rsp_mux_001: "mm_interconnect_0" instantiated altera_merlin_multiplexer "rsp_mux_001"
Info: Reusing file D:/GitHub Repositories/My Repositories/NIOS-2-Processor/NIOSProcessor/synthesis/submodules/altera_merlin_arbitrator.sv
Info: avalon_st_adapter: "mm_interconnect_0" instantiated altera_avalon_st_adapter "avalon_st_adapter"
Info: error_adapter_0: "avalon_st_adapter" instantiated error_adapter "error_adapter_0"
Info: NIOSProcessor: Done "NIOSProcessor" with 27 modules, 48 files
Info: qsys-generate succeeded.
Info: Finished: Create HDL design files for synthesis
