Info: Starting: Create block symbol file (.bsf)
Info: qsys-generate "D:\GitHub Repositories\My Repositories\NIOS-2-Processor\NIOSProcessor.qsys" --block-symbol-file --output-directory="D:\GitHub Repositories\My Repositories\NIOS-2-Processor\NIOSProcessor" --family="Cyclone V" --part=5CSEMA5F31C6
Progress: Loading NIOS-2-Processor/NIOSProcessor.qsys
Progress: Reading input file
Progress: Adding clk_0 [clock_source 16.0]
Progress: Parameterizing module clk_0
Progress: Adding jtag_uart_0 [altera_avalon_jtag_uart 16.0]
Progress: Parameterizing module jtag_uart_0
Progress: Adding nios2_qsys_0 [altera_nios2_qsys 16.0]
Progress: Parameterizing module nios2_qsys_0
Progress: Adding onchip_memory2_0 [altera_avalon_onchip_memory2 16.0]
Progress: Parameterizing module onchip_memory2_0
Progress: Building connections
Progress: Parameterizing connections
Progress: Validating
Progress: Done reading input file
Info: NIOSProcessor.jtag_uart_0: JTAG UART IP input clock need to be at least double (2x) the operating frequency of JTAG TCK on board
Warning: NIOSProcessor.nios2_qsys_0: Nios II Classic cores are no longer recommended for new projects
Info: qsys-generate succeeded.
Info: Stopping: Create block symbol file (.bsf)
