Flow report for NIOSProcessor
Thu Sep 17 20:00:00 2020
Quartus Prime Version 16.0.0 Build 211 04/27/2016 SJ Lite Edition


---------------------
; Table of Contents ;
---------------------
  1. Legal Notice
  2. Flow Summary
  3. Flow Settings
  4. Flow Non-Default Global Settings
  5. Flow Elapsed Time
  6. Flow OS Summary
  7. Flow Log
  8. Flow Messages
  9. Flow Suppressed Messages



----------------
; Legal Notice ;
----------------
Copyright (C) 1991-2016 Altera Corporation. All rights reserved.
Your use of Altera Corporation's design tools, logic functions 
and other software and tools, and its AMPP partner logic 
functions, and any output files from any of the foregoing 
(including device programming or simulation files), and any 
associated documentation or information are expressly subject 
to the terms and conditions of the Altera Program License 
Subscription Agreement, the Altera Quartus Prime License Agreement,
the Altera MegaCore Function License Agreement, or other 
applicable license agreement, including, without limitation, 
that your use is for the sole purpose of programming logic 
devices manufactured by Altera and sold by Altera or its 
authorized distributors.  Please refer to the applicable 
agreement for further details.



+-------------------------------------------------------------------------------+
; Flow Summary                                                                  ;
+---------------------------------+---------------------------------------------+
; Flow Status                     ; Successful - Thu Sep 17 19:59:42 2020       ;
; Quartus Prime Version           ; 16.0.0 Build 211 04/27/2016 SJ Lite Edition ;
; Revision Name                   ; NIOSProcessor                               ;
; Top-level Entity Name           ; NIOSProcessorLab                            ;
; Family                          ; Cyclone V                                   ;
; Device                          ; 5CSEMA5F31C6                                ;
; Timing Models                   ; Final                                       ;
; Logic utilization (in ALMs)     ; 1,308 / 32,070 ( 4 % )                      ;
; Total registers                 ; 1980                                        ;
; Total pins                      ; 1 / 457 ( < 1 % )                           ;
; Total virtual pins              ; 0                                           ;
; Total block memory bits         ; 95,552 / 4,065,280 ( 2 % )                  ;
; Total DSP Blocks                ; 2 / 87 ( 2 % )                              ;
; Total HSSI RX PCSs              ; 0                                           ;
; Total HSSI PMA RX Deserializers ; 0                                           ;
; Total HSSI TX PCSs              ; 0                                           ;
; Total HSSI PMA TX Serializers   ; 0                                           ;
; Total PLLs                      ; 0 / 6 ( 0 % )                               ;
; Total DLLs                      ; 0 / 4 ( 0 % )                               ;
+---------------------------------+---------------------------------------------+


+-----------------------------------------+
; Flow Settings                           ;
+-------------------+---------------------+
; Option            ; Setting             ;
+-------------------+---------------------+
; Start date & time ; 09/17/2020 19:56:16 ;
; Main task         ; Compilation         ;
; Revision Name     ; NIOSProcessor       ;
+-------------------+---------------------+


+--------------------------------------------------------------------------------------------------------------------------------------------------------------+
; Flow Non-Default Global Settings                                                                                                                             ;
+-------------------------------------+--------------------------------------------------------------------+---------------+------------------+----------------+
; Assignment Name                     ; Value                                                              ; Default Value ; Entity Name      ; Section Id     ;
+-------------------------------------+--------------------------------------------------------------------+---------------+------------------+----------------+
; COMPILER_SIGNATURE_ID               ; 22727991002862.160038697613276                                     ; --            ; --               ; --             ;
; EDA_OUTPUT_DATA_FORMAT              ; None                                                               ; --            ; --               ; eda_simulation ;
; EDA_TIME_SCALE                      ; 1 ps                                                               ; --            ; --               ; eda_simulation ;
; MAX_CORE_JUNCTION_TEMP              ; 85                                                                 ; --            ; --               ; --             ;
; MIN_CORE_JUNCTION_TEMP              ; 0                                                                  ; --            ; --               ; --             ;
; MISC_FILE                           ; NIOSProcessorLab/synthesis/../NIOSProcessorLab.cmp                 ; --            ; --               ; --             ;
; MISC_FILE                           ; NIOSProcessorLab/synthesis/../../NIOSProcessorLab.qsys             ; --            ; --               ; --             ;
; PARTITION_COLOR                     ; 16764057                                                           ; --            ; NIOSProcessorLab ; Top            ;
; PARTITION_FITTER_PRESERVATION_LEVEL ; PLACEMENT_AND_ROUTING                                              ; --            ; NIOSProcessorLab ; Top            ;
; PARTITION_NETLIST_TYPE              ; SOURCE                                                             ; --            ; NIOSProcessorLab ; Top            ;
; POWER_BOARD_THERMAL_MODEL           ; None (CONSERVATIVE)                                                ; --            ; --               ; --             ;
; POWER_PRESET_COOLING_SOLUTION       ; 23 MM HEAT SINK WITH 200 LFPM AIRFLOW                              ; --            ; --               ; --             ;
; PROJECT_OUTPUT_DIRECTORY            ; output_files                                                       ; --            ; --               ; --             ;
; SLD_FILE                            ; NIOSProcessorLab/synthesis/NIOSProcessorLab.regmap                 ; --            ; --               ; --             ;
; SLD_FILE                            ; NIOSProcessorLab/synthesis/NIOSProcessorLab.debuginfo              ; --            ; --               ; --             ;
; SLD_INFO                            ; QSYS_NAME NIOSProcessorLab HAS_SOPCINFO 1 GENERATION_ID 1600384664 ; --            ; NIOSProcessorLab ; --             ;
; SOPCINFO_FILE                       ; NIOSProcessorLab/synthesis/../../NIOSProcessorLab.sopcinfo         ; --            ; --               ; --             ;
; SYNTHESIS_ONLY_QIP                  ; On                                                                 ; --            ; --               ; --             ;
; TOP_LEVEL_ENTITY                    ; NIOSProcessorLab                                                   ; NIOSProcessor ; --               ; --             ;
+-------------------------------------+--------------------------------------------------------------------+---------------+------------------+----------------+


+-------------------------------------------------------------------------------------------------------------------------------+
; Flow Elapsed Time                                                                                                             ;
+---------------------------+--------------+-------------------------+---------------------+------------------------------------+
; Module Name               ; Elapsed Time ; Average Processors Used ; Peak Virtual Memory ; Total CPU Time (on all processors) ;
+---------------------------+--------------+-------------------------+---------------------+------------------------------------+
; Analysis & Synthesis      ; 00:00:55     ; 1.0                     ; 5191 MB             ; 00:01:15                           ;
; Fitter                    ; 00:02:14     ; 1.0                     ; 6326 MB             ; 00:03:35                           ;
; Assembler                 ; 00:00:09     ; 1.0                     ; 5053 MB             ; 00:00:08                           ;
; TimeQuest Timing Analyzer ; 00:00:17     ; 1.0                     ; 5372 MB             ; 00:00:15                           ;
; Total                     ; 00:03:35     ; --                      ; --                  ; 00:05:13                           ;
+---------------------------+--------------+-------------------------+---------------------+------------------------------------+


+----------------------------------------------------------------------------------------+
; Flow OS Summary                                                                        ;
+---------------------------+------------------+-----------+------------+----------------+
; Module Name               ; Machine Hostname ; OS Name   ; OS Version ; Processor type ;
+---------------------------+------------------+-----------+------------+----------------+
; Analysis & Synthesis      ; DESKTOP-990GS3D  ; Windows 8 ; 6.2        ; x86_64         ;
; Fitter                    ; DESKTOP-990GS3D  ; Windows 8 ; 6.2        ; x86_64         ;
; Assembler                 ; DESKTOP-990GS3D  ; Windows 8 ; 6.2        ; x86_64         ;
; TimeQuest Timing Analyzer ; DESKTOP-990GS3D  ; Windows 8 ; 6.2        ; x86_64         ;
+---------------------------+------------------+-----------+------------+----------------+


------------
; Flow Log ;
------------
quartus_map --read_settings_files=on --write_settings_files=off NIOSProcessor -c NIOSProcessor
quartus_fit --read_settings_files=off --write_settings_files=off NIOSProcessor -c NIOSProcessor
quartus_asm --read_settings_files=off --write_settings_files=off NIOSProcessor -c NIOSProcessor
quartus_sta NIOSProcessor -c NIOSProcessor



